Using pre-set license
Built from '2021.3/staging' branch; Version is '2021.3.10f1 (1c7d0df0160b) revision 1867021'; Using compiler version '192829333'; Build Type 'Release'
OS: 'Windows 10  (10.0.19044) 64bit Professional' Language: 'es' Physical Memory: 16342 MB
BatchMode: 1, IsHumanControllingUs: 0, StartBugReporterOnCrash: 0, Is64bit: 1, IsPro: 1

COMMAND LINE ARGUMENTS:
C:\Program Files\Unity\Hub\Editor\2021.3.10f1\Editor\Unity.exe
-adb2
-batchMode
-noUpm
-name
AssetImportWorker0
-projectPath
D:/Luis Alfonso/RPMI/005-Proyecto2-BasicGameplay
-logFile
Logs/AssetImportWorker0.log
-srvPort
63508
Successfully changed project path to: D:/Luis Alfonso/RPMI/005-Proyecto2-BasicGameplay
D:/Luis Alfonso/RPMI/005-Proyecto2-BasicGameplay
[UnityMemory] Configuration Parameters - Can be set up in boot.config
    "memorysetup-bucket-allocator-granularity=16"
    "memorysetup-bucket-allocator-bucket-count=8"
    "memorysetup-bucket-allocator-block-size=33554432"
    "memorysetup-bucket-allocator-block-count=8"
    "memorysetup-main-allocator-block-size=16777216"
    "memorysetup-thread-allocator-block-size=16777216"
    "memorysetup-gfx-main-allocator-block-size=16777216"
    "memorysetup-gfx-thread-allocator-block-size=16777216"
    "memorysetup-cache-allocator-block-size=4194304"
    "memorysetup-typetree-allocator-block-size=2097152"
    "memorysetup-profiler-bucket-allocator-granularity=16"
    "memorysetup-profiler-bucket-allocator-bucket-count=8"
    "memorysetup-profiler-bucket-allocator-block-size=33554432"
    "memorysetup-profiler-bucket-allocator-block-count=8"
    "memorysetup-profiler-allocator-block-size=16777216"
    "memorysetup-profiler-editor-allocator-block-size=1048576"
    "memorysetup-temp-allocator-size-main=16777216"
    "memorysetup-job-temp-allocator-block-size=2097152"
    "memorysetup-job-temp-allocator-block-size-background=1048576"
    "memorysetup-job-temp-allocator-reduction-small-platforms=262144"
    "memorysetup-temp-allocator-size-background-worker=32768"
    "memorysetup-temp-allocator-size-job-worker=262144"
    "memorysetup-temp-allocator-size-preload-manager=33554432"
    "memorysetup-temp-allocator-size-nav-mesh-worker=65536"
    "memorysetup-temp-allocator-size-audio-worker=65536"
    "memorysetup-temp-allocator-size-cloud-worker=32768"
    "memorysetup-temp-allocator-size-gi-baking-worker=262144"
    "memorysetup-temp-allocator-size-gfx=262144"
Refreshing native plugins compatible for Editor in 125.50 ms, found 3 plugins.
Preloading 0 native plugins for Editor in 0.00 ms.
Initialize engine version: 2021.3.10f1 (1c7d0df0160b)
[Subsystems] Discovering subsystems at path C:/Program Files/Unity/Hub/Editor/2021.3.10f1/Editor/Data/Resources/UnitySubsystems
[Subsystems] Discovering subsystems at path D:/Luis Alfonso/RPMI/005-Proyecto2-BasicGameplay/Assets
GfxDevice: creating device client; threaded=0; jobified=0
Direct3D:
    Version:  Direct3D 11.0 [level 11.1]
    Renderer: NVIDIA GeForce GTX 1050 Ti (ID=0x1c82)
    Vendor:   NVIDIA
    VRAM:     4018 MB
    Driver:   31.0.15.1694
Initialize mono
Mono path[0] = 'C:/Program Files/Unity/Hub/Editor/2021.3.10f1/Editor/Data/Managed'
Mono path[1] = 'C:/Program Files/Unity/Hub/Editor/2021.3.10f1/Editor/Data/MonoBleedingEdge/lib/mono/unityjit-win32'
Mono config path = 'C:/Program Files/Unity/Hub/Editor/2021.3.10f1/Editor/Data/MonoBleedingEdge/etc'
Using monoOptions --debugger-agent=transport=dt_socket,embedding=1,server=y,suspend=n,address=127.0.0.1:56724
Begin MonoManager ReloadAssembly
Registering precompiled unity dll's ...
Register platform support module: C:/Program Files/Unity/Hub/Editor/2021.3.10f1/Editor/Data/PlaybackEngines/WebGLSupport/UnityEditor.WebGL.Extensions.dll
Register platform support module: C:/Program Files/Unity/Hub/Editor/2021.3.10f1/Editor/Data/PlaybackEngines/WindowsStandaloneSupport/UnityEditor.WindowsStandalone.Extensions.dll
Registered in 0.010193 seconds.
Native extension for WindowsStandalone target not found
Native extension for WebGL target not found
Refreshing native plugins compatible for Editor in 136.96 ms, found 3 plugins.
Preloading 0 native plugins for Editor in 0.00 ms.
Mono: successfully reloaded assembly
- Completed reload, in  0.979 seconds
Domain Reload Profiling:
	ReloadAssembly (980ms)
		BeginReloadAssembly (92ms)
			ExecutionOrderSort (0ms)
			DisableScriptedObjects (0ms)
			BackupInstance (0ms)
			ReleaseScriptingObjects (0ms)
			CreateAndSetChildDomain (1ms)
		EndReloadAssembly (741ms)
			LoadAssemblies (89ms)
			RebuildTransferFunctionScriptingTraits (0ms)
			SetupTypeCache (142ms)
			ReleaseScriptCaches (0ms)
			RebuildScriptCaches (37ms)
			SetupLoadedEditorAssemblies (495ms)
				LogAssemblyErrors (0ms)
				InitializePlatformSupportModulesInManaged (13ms)
				SetLoadedEditorAssemblies (0ms)
				RefreshPlugins (137ms)
				BeforeProcessingInitializeOnLoad (2ms)
				ProcessInitializeOnLoadAttributes (254ms)
				ProcessInitializeOnLoadMethodAttributes (89ms)
				AfterProcessingInitializeOnLoad (0ms)
				EditorAssembliesLoaded (0ms)
			ExecutionOrderSort2 (0ms)
			AwakeInstancesAfterBackupRestoration (0ms)
Platform modules already initialized, skipping
Registering precompiled user dll's ...
Registered in 0.010447 seconds.
Begin MonoManager ReloadAssembly
Symbol file LoadedFromMemory doesn't match image D:\Luis Alfonso\RPMI\005-Proyecto2-BasicGameplay\Library\PackageCache\com.unity.visualscripting@1.7.8\Editor\VisualScripting.Core\Dependencies\YamlDotNet\Unity.VisualScripting.YamlDotNet.dll
Symbol file LoadedFromMemory doesn't match image D:\Luis Alfonso\RPMI\005-Proyecto2-BasicGameplay\Library\PackageCache\com.unity.visualscripting@1.7.8\Editor\VisualScripting.Core\Dependencies\DotNetZip\Unity.VisualScripting.IonicZip.dll
Native extension for WindowsStandalone target not found
Native extension for WebGL target not found
Refreshing native plugins compatible for Editor in 0.82 ms, found 3 plugins.
Preloading 0 native plugins for Editor in 0.00 ms.
System.MissingMethodException: Method not found: void UnityEditor.PluginImporter.SetShouldOverridePredicate(System.Predicate`1<string>)
UnityEngine.StackTraceUtility:ExtractStackTrace ()
UnityEngine.DebugLogHandler:LogFormat (UnityEngine.LogType,UnityEngine.Object,string,object[])
UnityEngine.Logger:Log (UnityEngine.LogType,object)
UnityEngine.Debug:LogError (object)
UnityEditor.EditorAssemblies:ProcessInitializeOnLoadAttributes (System.Type[])

Mono: successfully reloaded assembly
- Completed reload, in  1.428 seconds
Domain Reload Profiling:
	ReloadAssembly (1429ms)
		BeginReloadAssembly (161ms)
			ExecutionOrderSort (0ms)
			DisableScriptedObjects (7ms)
			BackupInstance (0ms)
			ReleaseScriptingObjects (0ms)
			CreateAndSetChildDomain (28ms)
		EndReloadAssembly (1105ms)
			LoadAssemblies (106ms)
			RebuildTransferFunctionScriptingTraits (0ms)
			SetupTypeCache (398ms)
			ReleaseScriptCaches (1ms)
			RebuildScriptCaches (64ms)
			SetupLoadedEditorAssemblies (496ms)
				LogAssemblyErrors (0ms)
				InitializePlatformSupportModulesInManaged (10ms)
				SetLoadedEditorAssemblies (1ms)
				RefreshPlugins (1ms)
				BeforeProcessingInitializeOnLoad (119ms)
				ProcessInitializeOnLoadAttributes (319ms)
				ProcessInitializeOnLoadMethodAttributes (37ms)
				AfterProcessingInitializeOnLoad (9ms)
				EditorAssembliesLoaded (0ms)
			ExecutionOrderSort2 (0ms)
			AwakeInstancesAfterBackupRestoration (8ms)
Platform modules already initialized, skipping
========================================================================
Worker process is ready to serve import requests
Launched and connected shader compiler UnityShaderCompiler.exe after 0.04 seconds
Refreshing native plugins compatible for Editor in 0.67 ms, found 3 plugins.
Preloading 0 native plugins for Editor in 0.00 ms.
Unloading 3432 Unused Serialized files (Serialized files now loaded: 0)
Unloading 35 unused Assets / (113.9 KB). Loaded Objects now: 3887.
Memory consumption went from 118.0 MB to 117.9 MB.
Total: 4.297300 ms (FindLiveObjects: 0.293300 ms CreateObjectMapping: 0.234600 ms MarkObjects: 3.629600 ms  DeleteObjects: 0.138400 ms)

AssetImportParameters requested are different than current active one (requested -> active):
  custom:video-decoder-ogg-theora: a1e56fd34408186e4bbccfd4996cb3dc -> 
  custom:container-muxer-webm: aa71ff27fc2769a1b78a27578f13a17b -> 
  custom:container-demuxer-webm: 4f35f7cbe854078d1ac9338744f61a02 -> 
  custom:video-encoder-webm-vp8: eb34c28f22e8b96e1ab97ce403110664 -> 
  custom:audio-encoder-webm-vorbis: bf7c407c2cedff20999df2af8eb42d56 -> 
  custom:framework-win-MediaFoundation: 216162199b28c13a410421893ffa2e32 -> 
  custom:container-demuxer-ogg: 62fdf1f143b41e24485cea50d1cbac27 -> 
  custom:video-decoder-webm-vp8: 9c59270c3fd7afecdb556c50c9e8de78 -> 
  custom:audio-decoder-ogg-vorbis: bf7c407c2cedff20999df2af8eb42d56 -> 
========================================================================
Received Import Request.
  Time since last request: 1645676.888673 seconds.
  path: Assets/Prefabs/GermanShepherd.prefab
  artifactKey: Guid(fe1b2d3b085e12942ab940b70fbd3ccc) Importer(815301076,1909f56bfc062723c751e8b465ee728b)
Start importing Assets/Prefabs/GermanShepherd.prefab using Guid(fe1b2d3b085e12942ab940b70fbd3ccc) Importer(815301076,1909f56bfc062723c751e8b465ee728b)  -> (artifact id: '55a99c3de75c91214847eed797d74a44') in 0.220165 seconds 
========================================================================
Received Import Request.
  Time since last request: 0.155699 seconds.
  path: Assets/Prefabs/GermanShepherd.prefab
  artifactKey: Guid(fe1b2d3b085e12942ab940b70fbd3ccc) Importer(815301076,1909f56bfc062723c751e8b465ee728b)
Start importing Assets/Prefabs/GermanShepherd.prefab using Guid(fe1b2d3b085e12942ab940b70fbd3ccc) Importer(815301076,1909f56bfc062723c751e8b465ee728b)  -> (artifact id: '07056bd7fd6a4937f93c056272aac1e0') in 0.092088 seconds 
========================================================================
Received Import Request.
  Time since last request: 9.649437 seconds.
  path: Assets/Prefabs/GermanShepherd.prefab
  artifactKey: Guid(fe1b2d3b085e12942ab940b70fbd3ccc) Importer(815301076,1909f56bfc062723c751e8b465ee728b)
Start importing Assets/Prefabs/GermanShepherd.prefab using Guid(fe1b2d3b085e12942ab940b70fbd3ccc) Importer(815301076,1909f56bfc062723c751e8b465ee728b)  -> (artifact id: '595f976522983b8830fe665cbc64263e') in 0.045811 seconds 
========================================================================
Received Import Request.
  Time since last request: 3.786940 seconds.
  path: Assets/Prefabs/GermanShepherd.prefab
  artifactKey: Guid(fe1b2d3b085e12942ab940b70fbd3ccc) Importer(815301076,1909f56bfc062723c751e8b465ee728b)
Start importing Assets/Prefabs/GermanShepherd.prefab using Guid(fe1b2d3b085e12942ab940b70fbd3ccc) Importer(815301076,1909f56bfc062723c751e8b465ee728b)  -> (artifact id: '3c1d540fbc0ec06f1b0398909dabfdd5') in 0.044786 seconds 
========================================================================
Received Import Request.
  Time since last request: 8.663299 seconds.
  path: Assets/Prefabs/GermanShepherd.prefab
  artifactKey: Guid(fe1b2d3b085e12942ab940b70fbd3ccc) Importer(815301076,1909f56bfc062723c751e8b465ee728b)
Start importing Assets/Prefabs/GermanShepherd.prefab using Guid(fe1b2d3b085e12942ab940b70fbd3ccc) Importer(815301076,1909f56bfc062723c751e8b465ee728b)  -> (artifact id: '1706da1c2d60010c154adfdb9654e5b8') in 0.054306 seconds 
========================================================================
Received Import Request.
  Time since last request: 10.655721 seconds.
  path: Assets/Prefabs/GermanShepherd.prefab
  artifactKey: Guid(fe1b2d3b085e12942ab940b70fbd3ccc) Importer(815301076,1909f56bfc062723c751e8b465ee728b)
Start importing Assets/Prefabs/GermanShepherd.prefab using Guid(fe1b2d3b085e12942ab940b70fbd3ccc) Importer(815301076,1909f56bfc062723c751e8b465ee728b)  -> (artifact id: '4d0ef1c8091cfea7e4c23a6099570ccf') in 0.047516 seconds 
========================================================================
Received Import Request.
  Time since last request: 13.170333 seconds.
  path: Assets/Prefabs/GermanShepherd.prefab
  artifactKey: Guid(fe1b2d3b085e12942ab940b70fbd3ccc) Importer(815301076,1909f56bfc062723c751e8b465ee728b)
Start importing Assets/Prefabs/GermanShepherd.prefab using Guid(fe1b2d3b085e12942ab940b70fbd3ccc) Importer(815301076,1909f56bfc062723c751e8b465ee728b)  -> (artifact id: '27b1caa2793d273289ed07d35b5391a4') in 0.048029 seconds 
========================================================================
Received Import Request.
  Time since last request: 7.052708 seconds.
  path: Assets/Prefabs/GermanShepherd.prefab
  artifactKey: Guid(fe1b2d3b085e12942ab940b70fbd3ccc) Importer(815301076,1909f56bfc062723c751e8b465ee728b)
Start importing Assets/Prefabs/GermanShepherd.prefab using Guid(fe1b2d3b085e12942ab940b70fbd3ccc) Importer(815301076,1909f56bfc062723c751e8b465ee728b)  -> (artifact id: '06fca9be2e00d69da05fc6511864e13b') in 0.050787 seconds 
========================================================================
Received Import Request.
  Time since last request: 9.802587 seconds.
  path: Assets/Prefabs/GermanShepherd.prefab
  artifactKey: Guid(fe1b2d3b085e12942ab940b70fbd3ccc) Importer(815301076,1909f56bfc062723c751e8b465ee728b)
Start importing Assets/Prefabs/GermanShepherd.prefab using Guid(fe1b2d3b085e12942ab940b70fbd3ccc) Importer(815301076,1909f56bfc062723c751e8b465ee728b)  -> (artifact id: '5024849c1daf8c0cc8a24a0544dcf739') in 0.044741 seconds 
========================================================================
Received Import Request.
  Time since last request: 5.610742 seconds.
  path: Assets/Prefabs/GermanShepherd.prefab
  artifactKey: Guid(fe1b2d3b085e12942ab940b70fbd3ccc) Importer(815301076,1909f56bfc062723c751e8b465ee728b)
Start importing Assets/Prefabs/GermanShepherd.prefab using Guid(fe1b2d3b085e12942ab940b70fbd3ccc) Importer(815301076,1909f56bfc062723c751e8b465ee728b)  -> (artifact id: '0b4cf55f222e74a57f84b40cb1734ff0') in 0.049537 seconds 
========================================================================
Received Import Request.
  Time since last request: 5.617339 seconds.
  path: Assets/Prefabs/GermanShepherd.prefab
  artifactKey: Guid(fe1b2d3b085e12942ab940b70fbd3ccc) Importer(815301076,1909f56bfc062723c751e8b465ee728b)
Start importing Assets/Prefabs/GermanShepherd.prefab using Guid(fe1b2d3b085e12942ab940b70fbd3ccc) Importer(815301076,1909f56bfc062723c751e8b465ee728b)  -> (artifact id: 'aecc5defa17e8b5da0180f0be34fe6bb') in 0.050208 seconds 
========================================================================
Received Import Request.
  Time since last request: 29.152712 seconds.
  path: Assets/Prefabs/GermanShepherd.prefab
  artifactKey: Guid(fe1b2d3b085e12942ab940b70fbd3ccc) Importer(815301076,1909f56bfc062723c751e8b465ee728b)
Start importing Assets/Prefabs/GermanShepherd.prefab using Guid(fe1b2d3b085e12942ab940b70fbd3ccc) Importer(815301076,1909f56bfc062723c751e8b465ee728b)  -> (artifact id: '03b75fff483cb5450f85cf5a639d6d29') in 0.048034 seconds 
========================================================================
Received Import Request.
  Time since last request: 40.618326 seconds.
  path: Assets/Prefabs/Moose.prefab
  artifactKey: Guid(e8d96c31473b7b74c8e435e932104e92) Importer(815301076,1909f56bfc062723c751e8b465ee728b)
Start importing Assets/Prefabs/Moose.prefab using Guid(e8d96c31473b7b74c8e435e932104e92) Importer(815301076,1909f56bfc062723c751e8b465ee728b)  -> (artifact id: 'ab9744972a3b3489ae23091df98b720a') in 0.023763 seconds 
========================================================================
Received Import Request.
  Time since last request: 9.033798 seconds.
  path: Assets/Prefabs/Moose.prefab
  artifactKey: Guid(e8d96c31473b7b74c8e435e932104e92) Importer(815301076,1909f56bfc062723c751e8b465ee728b)
Start importing Assets/Prefabs/Moose.prefab using Guid(e8d96c31473b7b74c8e435e932104e92) Importer(815301076,1909f56bfc062723c751e8b465ee728b)  -> (artifact id: '024c63febc7391a87efa96164e7e98fe') in 0.028964 seconds 
========================================================================
Received Import Request.
  Time since last request: 6.582833 seconds.
  path: Assets/Prefabs/Moose.prefab
  artifactKey: Guid(e8d96c31473b7b74c8e435e932104e92) Importer(815301076,1909f56bfc062723c751e8b465ee728b)
Start importing Assets/Prefabs/Moose.prefab using Guid(e8d96c31473b7b74c8e435e932104e92) Importer(815301076,1909f56bfc062723c751e8b465ee728b)  -> (artifact id: '9fbda770890c163677a3eaf03330e51f') in 0.017963 seconds 
========================================================================
Received Import Request.
  Time since last request: 4.890361 seconds.
  path: Assets/Prefabs/Moose.prefab
  artifactKey: Guid(e8d96c31473b7b74c8e435e932104e92) Importer(815301076,1909f56bfc062723c751e8b465ee728b)
Start importing Assets/Prefabs/Moose.prefab using Guid(e8d96c31473b7b74c8e435e932104e92) Importer(815301076,1909f56bfc062723c751e8b465ee728b)  -> (artifact id: 'fd8b0f0600d96618aa3d59aa6634294e') in 0.017966 seconds 
========================================================================
Received Import Request.
  Time since last request: 3.818371 seconds.
  path: Assets/Prefabs/Moose.prefab
  artifactKey: Guid(e8d96c31473b7b74c8e435e932104e92) Importer(815301076,1909f56bfc062723c751e8b465ee728b)
Start importing Assets/Prefabs/Moose.prefab using Guid(e8d96c31473b7b74c8e435e932104e92) Importer(815301076,1909f56bfc062723c751e8b465ee728b)  -> (artifact id: 'ae13a2c22b87e1305bf16507ee6c6bfe') in 0.037081 seconds 
========================================================================
Received Import Request.
  Time since last request: 9.040295 seconds.
  path: Assets/Prefabs/Moose.prefab
  artifactKey: Guid(e8d96c31473b7b74c8e435e932104e92) Importer(815301076,1909f56bfc062723c751e8b465ee728b)
Start importing Assets/Prefabs/Moose.prefab using Guid(e8d96c31473b7b74c8e435e932104e92) Importer(815301076,1909f56bfc062723c751e8b465ee728b)  -> (artifact id: 'beeeafca7f3f263b3c32684a80a1298b') in 0.018289 seconds 
========================================================================
Received Import Request.
  Time since last request: 12.951101 seconds.
  path: Assets/Prefabs/Moose.prefab
  artifactKey: Guid(e8d96c31473b7b74c8e435e932104e92) Importer(815301076,1909f56bfc062723c751e8b465ee728b)
Start importing Assets/Prefabs/Moose.prefab using Guid(e8d96c31473b7b74c8e435e932104e92) Importer(815301076,1909f56bfc062723c751e8b465ee728b)  -> (artifact id: '33bc968c8cfd959034a7f550cdbbcc18') in 0.018995 seconds 
========================================================================
Received Import Request.
  Time since last request: 87.706420 seconds.
  path: Assets/Prefabs/Pug.prefab
  artifactKey: Guid(1028ef3dd8e672a4d84d231d5e24e78a) Importer(815301076,1909f56bfc062723c751e8b465ee728b)
Start importing Assets/Prefabs/Pug.prefab using Guid(1028ef3dd8e672a4d84d231d5e24e78a) Importer(815301076,1909f56bfc062723c751e8b465ee728b)  -> (artifact id: '7799eea5014407f4f19a1bae8dc7d127') in 0.047940 seconds 
========================================================================
Received Import Request.
  Time since last request: 4.588377 seconds.
  path: Assets/Prefabs/Pug.prefab
  artifactKey: Guid(1028ef3dd8e672a4d84d231d5e24e78a) Importer(815301076,1909f56bfc062723c751e8b465ee728b)
Start importing Assets/Prefabs/Pug.prefab using Guid(1028ef3dd8e672a4d84d231d5e24e78a) Importer(815301076,1909f56bfc062723c751e8b465ee728b)  -> (artifact id: 'ef606d2bc167651d26a34ecb7e8191c1') in 0.048704 seconds 
========================================================================
Received Import Request.
  Time since last request: 4.773860 seconds.
  path: Assets/Prefabs/Pug.prefab
  artifactKey: Guid(1028ef3dd8e672a4d84d231d5e24e78a) Importer(815301076,1909f56bfc062723c751e8b465ee728b)
Start importing Assets/Prefabs/Pug.prefab using Guid(1028ef3dd8e672a4d84d231d5e24e78a) Importer(815301076,1909f56bfc062723c751e8b465ee728b)  -> (artifact id: '7d723695e6e221ac51a206329f862220') in 0.048021 seconds 
========================================================================
Received Import Request.
  Time since last request: 6.601260 seconds.
  path: Assets/Prefabs/Pug.prefab
  artifactKey: Guid(1028ef3dd8e672a4d84d231d5e24e78a) Importer(815301076,1909f56bfc062723c751e8b465ee728b)
Start importing Assets/Prefabs/Pug.prefab using Guid(1028ef3dd8e672a4d84d231d5e24e78a) Importer(815301076,1909f56bfc062723c751e8b465ee728b)  -> (artifact id: 'c43c11871142bb24ef33c72fd4236b18') in 0.058667 seconds 
========================================================================
Received Import Request.
  Time since last request: 5.006610 seconds.
  path: Assets/Prefabs/Pug.prefab
  artifactKey: Guid(1028ef3dd8e672a4d84d231d5e24e78a) Importer(815301076,1909f56bfc062723c751e8b465ee728b)
Start importing Assets/Prefabs/Pug.prefab using Guid(1028ef3dd8e672a4d84d231d5e24e78a) Importer(815301076,1909f56bfc062723c751e8b465ee728b)  -> (artifact id: 'a4340d35a8238f0dd1a308cba0eb7dc2') in 0.046759 seconds 
========================================================================
Received Import Request.
  Time since last request: 5.408358 seconds.
  path: Assets/Prefabs/Pug.prefab
  artifactKey: Guid(1028ef3dd8e672a4d84d231d5e24e78a) Importer(815301076,1909f56bfc062723c751e8b465ee728b)
Start importing Assets/Prefabs/Pug.prefab using Guid(1028ef3dd8e672a4d84d231d5e24e78a) Importer(815301076,1909f56bfc062723c751e8b465ee728b)  -> (artifact id: '50f6a8fd8067d7891d5d4b9a1f85f819') in 0.042900 seconds 
========================================================================
Received Import Request.
  Time since last request: 4.034584 seconds.
  path: Assets/Prefabs/Pug.prefab
  artifactKey: Guid(1028ef3dd8e672a4d84d231d5e24e78a) Importer(815301076,1909f56bfc062723c751e8b465ee728b)
Start importing Assets/Prefabs/Pug.prefab using Guid(1028ef3dd8e672a4d84d231d5e24e78a) Importer(815301076,1909f56bfc062723c751e8b465ee728b)  -> (artifact id: '6af821b5cbdbe7cc4e0186226a3ae89a') in 0.056116 seconds 
========================================================================
Received Import Request.
  Time since last request: 3.432417 seconds.
  path: Assets/Prefabs/Pug.prefab
  artifactKey: Guid(1028ef3dd8e672a4d84d231d5e24e78a) Importer(815301076,1909f56bfc062723c751e8b465ee728b)
Start importing Assets/Prefabs/Pug.prefab using Guid(1028ef3dd8e672a4d84d231d5e24e78a) Importer(815301076,1909f56bfc062723c751e8b465ee728b)  -> (artifact id: '193814669d60d87379dce1fd49e467e1') in 0.049364 seconds 
========================================================================
Received Import Request.
  Time since last request: 7.127627 seconds.
  path: Assets/Prefabs/Pug.prefab
  artifactKey: Guid(1028ef3dd8e672a4d84d231d5e24e78a) Importer(815301076,1909f56bfc062723c751e8b465ee728b)
Start importing Assets/Prefabs/Pug.prefab using Guid(1028ef3dd8e672a4d84d231d5e24e78a) Importer(815301076,1909f56bfc062723c751e8b465ee728b)  -> (artifact id: '164f4748a1d3fb304324f32e3a04aed2') in 0.061556 seconds 
========================================================================
Received Import Request.
  Time since last request: 10.483762 seconds.
  path: Assets/Prefabs/Pug.prefab
  artifactKey: Guid(1028ef3dd8e672a4d84d231d5e24e78a) Importer(815301076,1909f56bfc062723c751e8b465ee728b)
Start importing Assets/Prefabs/Pug.prefab using Guid(1028ef3dd8e672a4d84d231d5e24e78a) Importer(815301076,1909f56bfc062723c751e8b465ee728b)  -> (artifact id: '55b717898d7d032cc3151a337a94dcea') in 0.044918 seconds 
========================================================================
Received Import Request.
  Time since last request: 4.077701 seconds.
  path: Assets/Prefabs/Pug.prefab
  artifactKey: Guid(1028ef3dd8e672a4d84d231d5e24e78a) Importer(815301076,1909f56bfc062723c751e8b465ee728b)
Start importing Assets/Prefabs/Pug.prefab using Guid(1028ef3dd8e672a4d84d231d5e24e78a) Importer(815301076,1909f56bfc062723c751e8b465ee728b)  -> (artifact id: '3751f1828c09132f202f949ae42b624c') in 0.063621 seconds 
========================================================================
Received Import Request.
  Time since last request: 10.275595 seconds.
  path: Assets/Prefabs/Pug.prefab
  artifactKey: Guid(1028ef3dd8e672a4d84d231d5e24e78a) Importer(815301076,1909f56bfc062723c751e8b465ee728b)
Start importing Assets/Prefabs/Pug.prefab using Guid(1028ef3dd8e672a4d84d231d5e24e78a) Importer(815301076,1909f56bfc062723c751e8b465ee728b)  -> (artifact id: '97d38e7f14b257b85a2019c56f0e5dd8') in 0.045154 seconds 
========================================================================
Received Import Request.
  Time since last request: 32.589184 seconds.
  path: Assets/Prefabs/Moose.prefab
  artifactKey: Guid(e8d96c31473b7b74c8e435e932104e92) Importer(815301076,1909f56bfc062723c751e8b465ee728b)
Start importing Assets/Prefabs/Moose.prefab using Guid(e8d96c31473b7b74c8e435e932104e92) Importer(815301076,1909f56bfc062723c751e8b465ee728b)  -> (artifact id: 'c0ce5d5d6c24316bf4b760e225989a50') in 0.049422 seconds 
========================================================================
Received Import Request.
  Time since last request: 0.000027 seconds.
  path: Assets/Prefabs/Pug.prefab
  artifactKey: Guid(1028ef3dd8e672a4d84d231d5e24e78a) Importer(815301076,1909f56bfc062723c751e8b465ee728b)
Start importing Assets/Prefabs/Pug.prefab using Guid(1028ef3dd8e672a4d84d231d5e24e78a) Importer(815301076,1909f56bfc062723c751e8b465ee728b)  -> (artifact id: 'dd8542bfd0b5491702a1abc8534b8087') in 0.051700 seconds 
========================================================================
Received Import Request.
  Time since last request: 41.069582 seconds.
  path: Assets/Prefabs/Projectile.prefab
  artifactKey: Guid(f7ad2087232dd5145ae14e6142fca1eb) Importer(815301076,1909f56bfc062723c751e8b465ee728b)
Start importing Assets/Prefabs/Projectile.prefab using Guid(f7ad2087232dd5145ae14e6142fca1eb) Importer(815301076,1909f56bfc062723c751e8b465ee728b)  -> (artifact id: '0940b4238ee8217491d5cffd28205a7f') in 0.011800 seconds 
========================================================================
Received Import Request.
  Time since last request: 91.101846 seconds.
  path: Assets/Prefabs/Projectile.prefab
  artifactKey: Guid(f7ad2087232dd5145ae14e6142fca1eb) Importer(815301076,1909f56bfc062723c751e8b465ee728b)
Start importing Assets/Prefabs/Projectile.prefab using Guid(f7ad2087232dd5145ae14e6142fca1eb) Importer(815301076,1909f56bfc062723c751e8b465ee728b)  -> (artifact id: '8fe2f07432a5e7c839d04c67d2a32077') in 0.012117 seconds 
